[debug] [2025-05-31T22:56:27.112Z] ----------------------------------------------------------------------
[debug] [2025-05-31T22:56:27.116Z] Command:       /Users/mac/.nvm/versions/node/v22.16.0/bin/node /Users/mac/.nvm/versions/node/v16.14.0/bin/firebase init
[debug] [2025-05-31T22:56:27.117Z] CLI Version:   14.5.1
[debug] [2025-05-31T22:56:27.117Z] Platform:      darwin
[debug] [2025-05-31T22:56:27.117Z] Node Version:  v22.16.0
[debug] [2025-05-31T22:56:27.117Z] Time:          Sun Jun 01 2025 01:56:27 GMT+0300 (East Africa Time)
[debug] [2025-05-31T22:56:27.117Z] ----------------------------------------------------------------------
[debug] 
[debug] [2025-05-31T22:56:27.124Z] > command requires scopes: ["email","openid","https://www.googleapis.com/auth/cloudplatformprojects.readonly","https://www.googleapis.com/auth/firebase","https://www.googleapis.com/auth/cloud-platform"]
[debug] [2025-05-31T22:56:27.125Z] > authorizing via signed-in user (sanyidiriba123@gmail.com)
[info] 
     ######## #### ########  ######## ########     ###     ######  ########
     ##        ##  ##     ## ##       ##     ##  ##   ##  ##       ##
     ######    ##  ########  ######   ########  #########  ######  ######
     ##        ##  ##    ##  ##       ##     ## ##     ##       ## ##
     ##       #### ##     ## ######## ########  ##     ##  ######  ########

You're about to initialize a Firebase project in this directory:

  /Users/mac/Documents/Sanyi Project/Study Buddy/study-buddy

[debug] [2025-05-31T22:58:18.371Z] ExitPromptError: User force closed the prompt with SIGINT
    at Interface.sigint (/Users/mac/.nvm/versions/node/v16.14.0/lib/node_modules/firebase-tools/node_modules/@inquirer/core/dist/commonjs/lib/create-prompt.js:101:37)
    at Interface.emit (node:events:518:28)
    at Interface.emit (node:domain:489:12)
    at [_ttyWrite] [as _ttyWrite] (node:internal/readline/interface:1128:18)
    at ReadStream.onkeypress (node:internal/readline/interface:267:20)
    at ReadStream.emit (node:events:530:35)
    at ReadStream.emit (node:domain:489:12)
    at emitKeys (node:internal/readline/utils:370:14)
    at emitKeys.next (<anonymous>)
    at ReadStream.onData (node:internal/readline/emitKeypressEvents:64:36)
[error] 
[error] Error: An unexpected error has occurred.
